CRITICAL - 2020-12-15 20:26:44 --> Call to undefined method CodeIgniter\Validation\Validation::errors()
#0 C:\xampp\htdocs\ci4app\vendor\codeigniter4\framework\system\CodeIgniter.php(918): App\Controllers\Admin->login()
#1 C:\xampp\htdocs\ci4app\vendor\codeigniter4\framework\system\CodeIgniter.php(404): CodeIgniter\CodeIgniter->runController(Object(App\Controllers\Admin))
#2 C:\xampp\htdocs\ci4app\vendor\codeigniter4\framework\system\CodeIgniter.php(312): CodeIgniter\CodeIgniter->handleRequest(NULL, Object(Config\Cache), false)
#3 C:\xampp\htdocs\ci4app\public\index.php(45): CodeIgniter\CodeIgniter->run()
#4 C:\xampp\htdocs\ci4app\vendor\codeigniter4\framework\system\Commands\Server\rewrite.php(34): require_once('C:\\xampp\\htdocs...')
#5 {main}
CRITICAL - 2020-12-15 20:31:54 --> Array to string conversion
#0 C:\xampp\htdocs\ci4app\app\Views\admin\home.php(23): CodeIgniter\Debug\Exceptions->errorHandler(8, 'Array to string...', 'C:\\xampp\\htdocs...', 23, Array)
#1 C:\xampp\htdocs\ci4app\vendor\codeigniter4\framework\system\View\View.php(246): include('C:\\xampp\\htdocs...')
#2 C:\xampp\htdocs\ci4app\vendor\codeigniter4\framework\system\Common.php(1119): CodeIgniter\View\View->render('admin/home', Array, true)
#3 C:\xampp\htdocs\ci4app\app\Controllers\Admin.php(19): view('admin/home')
#4 C:\xampp\htdocs\ci4app\vendor\codeigniter4\framework\system\CodeIgniter.php(918): App\Controllers\Admin->index()
#5 C:\xampp\htdocs\ci4app\vendor\codeigniter4\framework\system\CodeIgniter.php(404): CodeIgniter\CodeIgniter->runController(Object(App\Controllers\Admin))
#6 C:\xampp\htdocs\ci4app\vendor\codeigniter4\framework\system\CodeIgniter.php(312): CodeIgniter\CodeIgniter->handleRequest(NULL, Object(Config\Cache), false)
#7 C:\xampp\htdocs\ci4app\public\index.php(45): CodeIgniter\CodeIgniter->run()
#8 C:\xampp\htdocs\ci4app\vendor\codeigniter4\framework\system\Commands\Server\rewrite.php(34): require_once('C:\\xampp\\htdocs...')
#9 {main}
CRITICAL - 2020-12-15 20:32:55 --> Array to string conversion
#0 C:\xampp\htdocs\ci4app\app\Views\admin\home.php(23): CodeIgniter\Debug\Exceptions->errorHandler(8, 'Array to string...', 'C:\\xampp\\htdocs...', 23, Array)
#1 C:\xampp\htdocs\ci4app\vendor\codeigniter4\framework\system\View\View.php(246): include('C:\\xampp\\htdocs...')
#2 C:\xampp\htdocs\ci4app\vendor\codeigniter4\framework\system\Common.php(1119): CodeIgniter\View\View->render('admin/home', Array, true)
#3 C:\xampp\htdocs\ci4app\app\Controllers\Admin.php(19): view('admin/home')
#4 C:\xampp\htdocs\ci4app\vendor\codeigniter4\framework\system\CodeIgniter.php(918): App\Controllers\Admin->index()
#5 C:\xampp\htdocs\ci4app\vendor\codeigniter4\framework\system\CodeIgniter.php(404): CodeIgniter\CodeIgniter->runController(Object(App\Controllers\Admin))
#6 C:\xampp\htdocs\ci4app\vendor\codeigniter4\framework\system\CodeIgniter.php(312): CodeIgniter\CodeIgniter->handleRequest(NULL, Object(Config\Cache), false)
#7 C:\xampp\htdocs\ci4app\public\index.php(45): CodeIgniter\CodeIgniter->run()
#8 C:\xampp\htdocs\ci4app\vendor\codeigniter4\framework\system\Commands\Server\rewrite.php(34): require_once('C:\\xampp\\htdocs...')
#9 {main}
CRITICAL - 2020-12-15 20:36:45 --> Array to string conversion
#0 C:\xampp\htdocs\ci4app\app\Views\admin\home.php(23): CodeIgniter\Debug\Exceptions->errorHandler(8, 'Array to string...', 'C:\\xampp\\htdocs...', 23, Array)
#1 C:\xampp\htdocs\ci4app\vendor\codeigniter4\framework\system\View\View.php(246): include('C:\\xampp\\htdocs...')
#2 C:\xampp\htdocs\ci4app\vendor\codeigniter4\framework\system\Common.php(1119): CodeIgniter\View\View->render('admin/home', Array, true)
#3 C:\xampp\htdocs\ci4app\app\Controllers\Admin.php(19): view('admin/home')
#4 C:\xampp\htdocs\ci4app\vendor\codeigniter4\framework\system\CodeIgniter.php(918): App\Controllers\Admin->index()
#5 C:\xampp\htdocs\ci4app\vendor\codeigniter4\framework\system\CodeIgniter.php(404): CodeIgniter\CodeIgniter->runController(Object(App\Controllers\Admin))
#6 C:\xampp\htdocs\ci4app\vendor\codeigniter4\framework\system\CodeIgniter.php(312): CodeIgniter\CodeIgniter->handleRequest(NULL, Object(Config\Cache), false)
#7 C:\xampp\htdocs\ci4app\public\index.php(45): CodeIgniter\CodeIgniter->run()
#8 C:\xampp\htdocs\ci4app\vendor\codeigniter4\framework\system\Commands\Server\rewrite.php(34): require_once('C:\\xampp\\htdocs...')
#9 {main}
CRITICAL - 2020-12-15 20:41:36 --> Array to string conversion
#0 C:\xampp\htdocs\ci4app\app\Views\admin\home.php(23): CodeIgniter\Debug\Exceptions->errorHandler(8, 'Array to string...', 'C:\\xampp\\htdocs...', 23, Array)
#1 C:\xampp\htdocs\ci4app\vendor\codeigniter4\framework\system\View\View.php(246): include('C:\\xampp\\htdocs...')
#2 C:\xampp\htdocs\ci4app\vendor\codeigniter4\framework\system\Common.php(1119): CodeIgniter\View\View->render('admin/home', Array, true)
#3 C:\xampp\htdocs\ci4app\app\Controllers\Admin.php(19): view('admin/home')
#4 C:\xampp\htdocs\ci4app\vendor\codeigniter4\framework\system\CodeIgniter.php(918): App\Controllers\Admin->index()
#5 C:\xampp\htdocs\ci4app\vendor\codeigniter4\framework\system\CodeIgniter.php(404): CodeIgniter\CodeIgniter->runController(Object(App\Controllers\Admin))
#6 C:\xampp\htdocs\ci4app\vendor\codeigniter4\framework\system\CodeIgniter.php(312): CodeIgniter\CodeIgniter->handleRequest(NULL, Object(Config\Cache), false)
#7 C:\xampp\htdocs\ci4app\public\index.php(45): CodeIgniter\CodeIgniter->run()
#8 C:\xampp\htdocs\ci4app\vendor\codeigniter4\framework\system\Commands\Server\rewrite.php(34): require_once('C:\\xampp\\htdocs...')
#9 {main}
CRITICAL - 2020-12-15 20:49:36 --> Undefined variable: validation
#0 C:\xampp\htdocs\ci4app\app\Controllers\Admin.php(34): CodeIgniter\Debug\Exceptions->errorHandler(8, 'Undefined varia...', 'C:\\xampp\\htdocs...', 34, Array)
#1 C:\xampp\htdocs\ci4app\vendor\codeigniter4\framework\system\CodeIgniter.php(918): App\Controllers\Admin->login()
#2 C:\xampp\htdocs\ci4app\vendor\codeigniter4\framework\system\CodeIgniter.php(404): CodeIgniter\CodeIgniter->runController(Object(App\Controllers\Admin))
#3 C:\xampp\htdocs\ci4app\vendor\codeigniter4\framework\system\CodeIgniter.php(312): CodeIgniter\CodeIgniter->handleRequest(NULL, Object(Config\Cache), false)
#4 C:\xampp\htdocs\ci4app\public\index.php(45): CodeIgniter\CodeIgniter->run()
#5 C:\xampp\htdocs\ci4app\vendor\codeigniter4\framework\system\Commands\Server\rewrite.php(34): require_once('C:\\xampp\\htdocs...')
#6 {main}
CRITICAL - 2020-12-15 21:06:07 --> Call to undefined method App\Models\AdminModel::fetchAssoc
#0 C:\xampp\htdocs\ci4app\app\Controllers\Admin.php(45): CodeIgniter\Model->__call('fetchAssoc', Array)
#1 C:\xampp\htdocs\ci4app\vendor\codeigniter4\framework\system\CodeIgniter.php(918): App\Controllers\Admin->login()
#2 C:\xampp\htdocs\ci4app\vendor\codeigniter4\framework\system\CodeIgniter.php(404): CodeIgniter\CodeIgniter->runController(Object(App\Controllers\Admin))
#3 C:\xampp\htdocs\ci4app\vendor\codeigniter4\framework\system\CodeIgniter.php(312): CodeIgniter\CodeIgniter->handleRequest(NULL, Object(Config\Cache), false)
#4 C:\xampp\htdocs\ci4app\public\index.php(45): CodeIgniter\CodeIgniter->run()
#5 C:\xampp\htdocs\ci4app\vendor\codeigniter4\framework\system\Commands\Server\rewrite.php(34): require_once('C:\\xampp\\htdocs...')
#6 {main}
CRITICAL - 2020-12-15 21:29:23 --> Undefined variable: validation
#0 C:\xampp\htdocs\ci4app\app\Views\admin\dashboard.php(21): CodeIgniter\Debug\Exceptions->errorHandler(8, 'Undefined varia...', 'C:\\xampp\\htdocs...', 21, Array)
#1 C:\xampp\htdocs\ci4app\vendor\codeigniter4\framework\system\View\View.php(246): include('C:\\xampp\\htdocs...')
#2 C:\xampp\htdocs\ci4app\vendor\codeigniter4\framework\system\Common.php(1119): CodeIgniter\View\View->render('admin/dashboard', Array, true)
#3 C:\xampp\htdocs\ci4app\app\Controllers\Admin.php(70): view('admin/dashboard')
#4 C:\xampp\htdocs\ci4app\vendor\codeigniter4\framework\system\CodeIgniter.php(918): App\Controllers\Admin->dashboard()
#5 C:\xampp\htdocs\ci4app\vendor\codeigniter4\framework\system\CodeIgniter.php(404): CodeIgniter\CodeIgniter->runController(Object(App\Controllers\Admin))
#6 C:\xampp\htdocs\ci4app\vendor\codeigniter4\framework\system\CodeIgniter.php(312): CodeIgniter\CodeIgniter->handleRequest(NULL, Object(Config\Cache), false)
#7 C:\xampp\htdocs\ci4app\public\index.php(45): CodeIgniter\CodeIgniter->run()
#8 C:\xampp\htdocs\ci4app\vendor\codeigniter4\framework\system\Commands\Server\rewrite.php(34): require_once('C:\\xampp\\htdocs...')
#9 {main}
CRITICAL - 2020-12-15 21:48:40 --> Undefined variable: data
#0 C:\xampp\htdocs\ci4app\app\Views\admin\dashboard.php(8): CodeIgniter\Debug\Exceptions->errorHandler(8, 'Undefined varia...', 'C:\\xampp\\htdocs...', 8, Array)
#1 C:\xampp\htdocs\ci4app\vendor\codeigniter4\framework\system\View\View.php(246): include('C:\\xampp\\htdocs...')
#2 C:\xampp\htdocs\ci4app\vendor\codeigniter4\framework\system\Common.php(1119): CodeIgniter\View\View->render('admin/dashboard', Array, true)
#3 C:\xampp\htdocs\ci4app\app\Controllers\Admin.php(72): view('admin/dashboard', Array)
#4 C:\xampp\htdocs\ci4app\vendor\codeigniter4\framework\system\CodeIgniter.php(918): App\Controllers\Admin->dashboard()
#5 C:\xampp\htdocs\ci4app\vendor\codeigniter4\framework\system\CodeIgniter.php(404): CodeIgniter\CodeIgniter->runController(Object(App\Controllers\Admin))
#6 C:\xampp\htdocs\ci4app\vendor\codeigniter4\framework\system\CodeIgniter.php(312): CodeIgniter\CodeIgniter->handleRequest(NULL, Object(Config\Cache), false)
#7 C:\xampp\htdocs\ci4app\public\index.php(45): CodeIgniter\CodeIgniter->run()
#8 C:\xampp\htdocs\ci4app\vendor\codeigniter4\framework\system\Commands\Server\rewrite.php(34): require_once('C:\\xampp\\htdocs...')
#9 {main}
CRITICAL - 2020-12-15 21:48:50 --> Undefined variable: data
#0 C:\xampp\htdocs\ci4app\app\Views\admin\dashboard.php(8): CodeIgniter\Debug\Exceptions->errorHandler(8, 'Undefined varia...', 'C:\\xampp\\htdocs...', 8, Array)
#1 C:\xampp\htdocs\ci4app\vendor\codeigniter4\framework\system\View\View.php(246): include('C:\\xampp\\htdocs...')
#2 C:\xampp\htdocs\ci4app\vendor\codeigniter4\framework\system\Common.php(1119): CodeIgniter\View\View->render('admin/dashboard', Array, true)
#3 C:\xampp\htdocs\ci4app\app\Controllers\Admin.php(72): view('admin/dashboard', Array)
#4 C:\xampp\htdocs\ci4app\vendor\codeigniter4\framework\system\CodeIgniter.php(918): App\Controllers\Admin->dashboard()
#5 C:\xampp\htdocs\ci4app\vendor\codeigniter4\framework\system\CodeIgniter.php(404): CodeIgniter\CodeIgniter->runController(Object(App\Controllers\Admin))
#6 C:\xampp\htdocs\ci4app\vendor\codeigniter4\framework\system\CodeIgniter.php(312): CodeIgniter\CodeIgniter->handleRequest(NULL, Object(Config\Cache), false)
#7 C:\xampp\htdocs\ci4app\public\index.php(45): CodeIgniter\CodeIgniter->run()
#8 C:\xampp\htdocs\ci4app\vendor\codeigniter4\framework\system\Commands\Server\rewrite.php(34): require_once('C:\\xampp\\htdocs...')
#9 {main}
CRITICAL - 2020-12-15 21:49:07 --> Undefined variable: data
#0 C:\xampp\htdocs\ci4app\app\Views\admin\dashboard.php(8): CodeIgniter\Debug\Exceptions->errorHandler(8, 'Undefined varia...', 'C:\\xampp\\htdocs...', 8, Array)
#1 C:\xampp\htdocs\ci4app\vendor\codeigniter4\framework\system\View\View.php(246): include('C:\\xampp\\htdocs...')
#2 C:\xampp\htdocs\ci4app\vendor\codeigniter4\framework\system\Common.php(1119): CodeIgniter\View\View->render('admin/dashboard', Array, true)
#3 C:\xampp\htdocs\ci4app\app\Controllers\Admin.php(72): view('admin/dashboard', Array)
#4 C:\xampp\htdocs\ci4app\vendor\codeigniter4\framework\system\CodeIgniter.php(918): App\Controllers\Admin->dashboard()
#5 C:\xampp\htdocs\ci4app\vendor\codeigniter4\framework\system\CodeIgniter.php(404): CodeIgniter\CodeIgniter->runController(Object(App\Controllers\Admin))
#6 C:\xampp\htdocs\ci4app\vendor\codeigniter4\framework\system\CodeIgniter.php(312): CodeIgniter\CodeIgniter->handleRequest(NULL, Object(Config\Cache), false)
#7 C:\xampp\htdocs\ci4app\public\index.php(45): CodeIgniter\CodeIgniter->run()
#8 C:\xampp\htdocs\ci4app\vendor\codeigniter4\framework\system\Commands\Server\rewrite.php(34): require_once('C:\\xampp\\htdocs...')
#9 {main}
CRITICAL - 2020-12-15 21:51:01 --> Undefined variable: data
#0 C:\xampp\htdocs\ci4app\app\Views\admin\dashboard.php(8): CodeIgniter\Debug\Exceptions->errorHandler(8, 'Undefined varia...', 'C:\\xampp\\htdocs...', 8, Array)
#1 C:\xampp\htdocs\ci4app\vendor\codeigniter4\framework\system\View\View.php(246): include('C:\\xampp\\htdocs...')
#2 C:\xampp\htdocs\ci4app\vendor\codeigniter4\framework\system\Common.php(1119): CodeIgniter\View\View->render('admin/dashboard', Array, true)
#3 C:\xampp\htdocs\ci4app\app\Controllers\Admin.php(74): view('admin/dashboard', Array)
#4 C:\xampp\htdocs\ci4app\vendor\codeigniter4\framework\system\CodeIgniter.php(918): App\Controllers\Admin->dashboard()
#5 C:\xampp\htdocs\ci4app\vendor\codeigniter4\framework\system\CodeIgniter.php(404): CodeIgniter\CodeIgniter->runController(Object(App\Controllers\Admin))
#6 C:\xampp\htdocs\ci4app\vendor\codeigniter4\framework\system\CodeIgniter.php(312): CodeIgniter\CodeIgniter->handleRequest(NULL, Object(Config\Cache), false)
#7 C:\xampp\htdocs\ci4app\public\index.php(45): CodeIgniter\CodeIgniter->run()
#8 C:\xampp\htdocs\ci4app\vendor\codeigniter4\framework\system\Commands\Server\rewrite.php(34): require_once('C:\\xampp\\htdocs...')
#9 {main}
CRITICAL - 2020-12-15 21:52:11 --> Undefined variable: data
#0 C:\xampp\htdocs\ci4app\app\Views\admin\dashboard.php(8): CodeIgniter\Debug\Exceptions->errorHandler(8, 'Undefined varia...', 'C:\\xampp\\htdocs...', 8, Array)
#1 C:\xampp\htdocs\ci4app\vendor\codeigniter4\framework\system\View\View.php(246): include('C:\\xampp\\htdocs...')
#2 C:\xampp\htdocs\ci4app\vendor\codeigniter4\framework\system\Common.php(1119): CodeIgniter\View\View->render('admin/dashboard', Array, true)
#3 C:\xampp\htdocs\ci4app\app\Controllers\Admin.php(76): view('admin/dashboard', Array)
#4 C:\xampp\htdocs\ci4app\vendor\codeigniter4\framework\system\CodeIgniter.php(918): App\Controllers\Admin->dashboard()
#5 C:\xampp\htdocs\ci4app\vendor\codeigniter4\framework\system\CodeIgniter.php(404): CodeIgniter\CodeIgniter->runController(Object(App\Controllers\Admin))
#6 C:\xampp\htdocs\ci4app\vendor\codeigniter4\framework\system\CodeIgniter.php(312): CodeIgniter\CodeIgniter->handleRequest(NULL, Object(Config\Cache), false)
#7 C:\xampp\htdocs\ci4app\public\index.php(45): CodeIgniter\CodeIgniter->run()
#8 C:\xampp\htdocs\ci4app\vendor\codeigniter4\framework\system\Commands\Server\rewrite.php(34): require_once('C:\\xampp\\htdocs...')
#9 {main}
CRITICAL - 2020-12-15 21:52:29 --> Undefined variable: data
#0 C:\xampp\htdocs\ci4app\app\Views\admin\dashboard.php(8): CodeIgniter\Debug\Exceptions->errorHandler(8, 'Undefined varia...', 'C:\\xampp\\htdocs...', 8, Array)
#1 C:\xampp\htdocs\ci4app\vendor\codeigniter4\framework\system\View\View.php(246): include('C:\\xampp\\htdocs...')
#2 C:\xampp\htdocs\ci4app\vendor\codeigniter4\framework\system\Common.php(1119): CodeIgniter\View\View->render('admin/dashboard', Array, true)
#3 C:\xampp\htdocs\ci4app\app\Controllers\Admin.php(76): view('admin/dashboard', Array)
#4 C:\xampp\htdocs\ci4app\vendor\codeigniter4\framework\system\CodeIgniter.php(918): App\Controllers\Admin->dashboard()
#5 C:\xampp\htdocs\ci4app\vendor\codeigniter4\framework\system\CodeIgniter.php(404): CodeIgniter\CodeIgniter->runController(Object(App\Controllers\Admin))
#6 C:\xampp\htdocs\ci4app\vendor\codeigniter4\framework\system\CodeIgniter.php(312): CodeIgniter\CodeIgniter->handleRequest(NULL, Object(Config\Cache), false)
#7 C:\xampp\htdocs\ci4app\public\index.php(45): CodeIgniter\CodeIgniter->run()
#8 C:\xampp\htdocs\ci4app\vendor\codeigniter4\framework\system\Commands\Server\rewrite.php(34): require_once('C:\\xampp\\htdocs...')
#9 {main}
CRITICAL - 2020-12-15 21:52:38 --> Undefined variable: data
#0 C:\xampp\htdocs\ci4app\app\Views\admin\dashboard.php(8): CodeIgniter\Debug\Exceptions->errorHandler(8, 'Undefined varia...', 'C:\\xampp\\htdocs...', 8, Array)
#1 C:\xampp\htdocs\ci4app\vendor\codeigniter4\framework\system\View\View.php(246): include('C:\\xampp\\htdocs...')
#2 C:\xampp\htdocs\ci4app\vendor\codeigniter4\framework\system\Common.php(1119): CodeIgniter\View\View->render('admin/dashboard', Array, true)
#3 C:\xampp\htdocs\ci4app\app\Controllers\Admin.php(76): view('admin/dashboard', Array)
#4 C:\xampp\htdocs\ci4app\vendor\codeigniter4\framework\system\CodeIgniter.php(918): App\Controllers\Admin->dashboard()
#5 C:\xampp\htdocs\ci4app\vendor\codeigniter4\framework\system\CodeIgniter.php(404): CodeIgniter\CodeIgniter->runController(Object(App\Controllers\Admin))
#6 C:\xampp\htdocs\ci4app\vendor\codeigniter4\framework\system\CodeIgniter.php(312): CodeIgniter\CodeIgniter->handleRequest(NULL, Object(Config\Cache), false)
#7 C:\xampp\htdocs\ci4app\public\index.php(45): CodeIgniter\CodeIgniter->run()
#8 C:\xampp\htdocs\ci4app\vendor\codeigniter4\framework\system\Commands\Server\rewrite.php(34): require_once('C:\\xampp\\htdocs...')
#9 {main}
CRITICAL - 2020-12-15 21:58:32 --> Undefined variable: data
#0 C:\xampp\htdocs\ci4app\app\Views\admin\dashboard.php(8): CodeIgniter\Debug\Exceptions->errorHandler(8, 'Undefined varia...', 'C:\\xampp\\htdocs...', 8, Array)
#1 C:\xampp\htdocs\ci4app\vendor\codeigniter4\framework\system\View\View.php(246): include('C:\\xampp\\htdocs...')
#2 C:\xampp\htdocs\ci4app\vendor\codeigniter4\framework\system\Common.php(1119): CodeIgniter\View\View->render('admin/dashboard', Array, true)
#3 C:\xampp\htdocs\ci4app\app\Controllers\Admin.php(74): view('admin/dashboard', Array)
#4 C:\xampp\htdocs\ci4app\vendor\codeigniter4\framework\system\CodeIgniter.php(918): App\Controllers\Admin->dashboard()
#5 C:\xampp\htdocs\ci4app\vendor\codeigniter4\framework\system\CodeIgniter.php(404): CodeIgniter\CodeIgniter->runController(Object(App\Controllers\Admin))
#6 C:\xampp\htdocs\ci4app\vendor\codeigniter4\framework\system\CodeIgniter.php(312): CodeIgniter\CodeIgniter->handleRequest(NULL, Object(Config\Cache), false)
#7 C:\xampp\htdocs\ci4app\public\index.php(45): CodeIgniter\CodeIgniter->run()
#8 C:\xampp\htdocs\ci4app\vendor\codeigniter4\framework\system\Commands\Server\rewrite.php(34): require_once('C:\\xampp\\htdocs...')
#9 {main}
CRITICAL - 2020-12-15 21:58:45 --> Undefined variable: data
#0 C:\xampp\htdocs\ci4app\app\Views\admin\dashboard.php(8): CodeIgniter\Debug\Exceptions->errorHandler(8, 'Undefined varia...', 'C:\\xampp\\htdocs...', 8, Array)
#1 C:\xampp\htdocs\ci4app\vendor\codeigniter4\framework\system\View\View.php(246): include('C:\\xampp\\htdocs...')
#2 C:\xampp\htdocs\ci4app\vendor\codeigniter4\framework\system\Common.php(1119): CodeIgniter\View\View->render('admin/dashboard', Array, true)
#3 C:\xampp\htdocs\ci4app\app\Controllers\Admin.php(74): view('admin/dashboard', Array)
#4 C:\xampp\htdocs\ci4app\vendor\codeigniter4\framework\system\CodeIgniter.php(918): App\Controllers\Admin->dashboard()
#5 C:\xampp\htdocs\ci4app\vendor\codeigniter4\framework\system\CodeIgniter.php(404): CodeIgniter\CodeIgniter->runController(Object(App\Controllers\Admin))
#6 C:\xampp\htdocs\ci4app\vendor\codeigniter4\framework\system\CodeIgniter.php(312): CodeIgniter\CodeIgniter->handleRequest(NULL, Object(Config\Cache), false)
#7 C:\xampp\htdocs\ci4app\public\index.php(45): CodeIgniter\CodeIgniter->run()
#8 C:\xampp\htdocs\ci4app\vendor\codeigniter4\framework\system\Commands\Server\rewrite.php(34): require_once('C:\\xampp\\htdocs...')
#9 {main}
CRITICAL - 2020-12-15 22:00:57 --> Undefined variable: data
#0 C:\xampp\htdocs\ci4app\app\Views\admin\dashboard.php(8): CodeIgniter\Debug\Exceptions->errorHandler(8, 'Undefined varia...', 'C:\\xampp\\htdocs...', 8, Array)
#1 C:\xampp\htdocs\ci4app\vendor\codeigniter4\framework\system\View\View.php(246): include('C:\\xampp\\htdocs...')
#2 C:\xampp\htdocs\ci4app\vendor\codeigniter4\framework\system\Common.php(1119): CodeIgniter\View\View->render('admin/dashboard', Array, true)
#3 C:\xampp\htdocs\ci4app\app\Controllers\Admin.php(74): view('admin/dashboard', Array)
#4 C:\xampp\htdocs\ci4app\vendor\codeigniter4\framework\system\CodeIgniter.php(918): App\Controllers\Admin->dashboard()
#5 C:\xampp\htdocs\ci4app\vendor\codeigniter4\framework\system\CodeIgniter.php(404): CodeIgniter\CodeIgniter->runController(Object(App\Controllers\Admin))
#6 C:\xampp\htdocs\ci4app\vendor\codeigniter4\framework\system\CodeIgniter.php(312): CodeIgniter\CodeIgniter->handleRequest(NULL, Object(Config\Cache), false)
#7 C:\xampp\htdocs\ci4app\public\index.php(45): CodeIgniter\CodeIgniter->run()
#8 C:\xampp\htdocs\ci4app\vendor\codeigniter4\framework\system\Commands\Server\rewrite.php(34): require_once('C:\\xampp\\htdocs...')
#9 {main}
CRITICAL - 2020-12-15 22:02:40 --> Undefined variable: data
#0 C:\xampp\htdocs\ci4app\app\Views\admin\dashboard.php(8): CodeIgniter\Debug\Exceptions->errorHandler(8, 'Undefined varia...', 'C:\\xampp\\htdocs...', 8, Array)
#1 C:\xampp\htdocs\ci4app\vendor\codeigniter4\framework\system\View\View.php(246): include('C:\\xampp\\htdocs...')
#2 C:\xampp\htdocs\ci4app\vendor\codeigniter4\framework\system\Common.php(1119): CodeIgniter\View\View->render('admin/dashboard', Array, true)
#3 C:\xampp\htdocs\ci4app\app\Controllers\Admin.php(75): view('admin/dashboard', Array)
#4 C:\xampp\htdocs\ci4app\vendor\codeigniter4\framework\system\CodeIgniter.php(918): App\Controllers\Admin->dashboard()
#5 C:\xampp\htdocs\ci4app\vendor\codeigniter4\framework\system\CodeIgniter.php(404): CodeIgniter\CodeIgniter->runController(Object(App\Controllers\Admin))
#6 C:\xampp\htdocs\ci4app\vendor\codeigniter4\framework\system\CodeIgniter.php(312): CodeIgniter\CodeIgniter->handleRequest(NULL, Object(Config\Cache), false)
#7 C:\xampp\htdocs\ci4app\public\index.php(45): CodeIgniter\CodeIgniter->run()
#8 C:\xampp\htdocs\ci4app\vendor\codeigniter4\framework\system\Commands\Server\rewrite.php(34): require_once('C:\\xampp\\htdocs...')
#9 {main}
CRITICAL - 2020-12-15 22:02:44 --> Undefined variable: data
#0 C:\xampp\htdocs\ci4app\app\Views\admin\dashboard.php(8): CodeIgniter\Debug\Exceptions->errorHandler(8, 'Undefined varia...', 'C:\\xampp\\htdocs...', 8, Array)
#1 C:\xampp\htdocs\ci4app\vendor\codeigniter4\framework\system\View\View.php(246): include('C:\\xampp\\htdocs...')
#2 C:\xampp\htdocs\ci4app\vendor\codeigniter4\framework\system\Common.php(1119): CodeIgniter\View\View->render('admin/dashboard', Array, true)
#3 C:\xampp\htdocs\ci4app\app\Controllers\Admin.php(75): view('admin/dashboard', Array)
#4 C:\xampp\htdocs\ci4app\vendor\codeigniter4\framework\system\CodeIgniter.php(918): App\Controllers\Admin->dashboard()
#5 C:\xampp\htdocs\ci4app\vendor\codeigniter4\framework\system\CodeIgniter.php(404): CodeIgniter\CodeIgniter->runController(Object(App\Controllers\Admin))
#6 C:\xampp\htdocs\ci4app\vendor\codeigniter4\framework\system\CodeIgniter.php(312): CodeIgniter\CodeIgniter->handleRequest(NULL, Object(Config\Cache), false)
#7 C:\xampp\htdocs\ci4app\public\index.php(45): CodeIgniter\CodeIgniter->run()
#8 C:\xampp\htdocs\ci4app\vendor\codeigniter4\framework\system\Commands\Server\rewrite.php(34): require_once('C:\\xampp\\htdocs...')
#9 {main}
CRITICAL - 2020-12-15 22:03:54 --> Undefined variable: data
#0 C:\xampp\htdocs\ci4app\app\Views\admin\dashboard.php(8): CodeIgniter\Debug\Exceptions->errorHandler(8, 'Undefined varia...', 'C:\\xampp\\htdocs...', 8, Array)
#1 C:\xampp\htdocs\ci4app\vendor\codeigniter4\framework\system\View\View.php(246): include('C:\\xampp\\htdocs...')
#2 C:\xampp\htdocs\ci4app\vendor\codeigniter4\framework\system\Common.php(1119): CodeIgniter\View\View->render('admin/dashboard', Array, true)
#3 C:\xampp\htdocs\ci4app\app\Controllers\Admin.php(75): view('admin/dashboard', Array)
#4 C:\xampp\htdocs\ci4app\vendor\codeigniter4\framework\system\CodeIgniter.php(918): App\Controllers\Admin->dashboard()
#5 C:\xampp\htdocs\ci4app\vendor\codeigniter4\framework\system\CodeIgniter.php(404): CodeIgniter\CodeIgniter->runController(Object(App\Controllers\Admin))
#6 C:\xampp\htdocs\ci4app\vendor\codeigniter4\framework\system\CodeIgniter.php(312): CodeIgniter\CodeIgniter->handleRequest(NULL, Object(Config\Cache), false)
#7 C:\xampp\htdocs\ci4app\public\index.php(45): CodeIgniter\CodeIgniter->run()
#8 C:\xampp\htdocs\ci4app\vendor\codeigniter4\framework\system\Commands\Server\rewrite.php(34): require_once('C:\\xampp\\htdocs...')
#9 {main}
CRITICAL - 2020-12-15 22:04:44 --> Undefined variable: data
#0 C:\xampp\htdocs\ci4app\app\Views\admin\dashboard.php(8): CodeIgniter\Debug\Exceptions->errorHandler(8, 'Undefined varia...', 'C:\\xampp\\htdocs...', 8, Array)
#1 C:\xampp\htdocs\ci4app\vendor\codeigniter4\framework\system\View\View.php(246): include('C:\\xampp\\htdocs...')
#2 C:\xampp\htdocs\ci4app\vendor\codeigniter4\framework\system\Common.php(1119): CodeIgniter\View\View->render('admin/dashboard', Array, true)
#3 C:\xampp\htdocs\ci4app\app\Controllers\Admin.php(75): view('admin/dashboard', Array)
#4 C:\xampp\htdocs\ci4app\vendor\codeigniter4\framework\system\CodeIgniter.php(918): App\Controllers\Admin->dashboard()
#5 C:\xampp\htdocs\ci4app\vendor\codeigniter4\framework\system\CodeIgniter.php(404): CodeIgniter\CodeIgniter->runController(Object(App\Controllers\Admin))
#6 C:\xampp\htdocs\ci4app\vendor\codeigniter4\framework\system\CodeIgniter.php(312): CodeIgniter\CodeIgniter->handleRequest(NULL, Object(Config\Cache), false)
#7 C:\xampp\htdocs\ci4app\public\index.php(45): CodeIgniter\CodeIgniter->run()
#8 C:\xampp\htdocs\ci4app\vendor\codeigniter4\framework\system\Commands\Server\rewrite.php(34): require_once('C:\\xampp\\htdocs...')
#9 {main}
CRITICAL - 2020-12-15 22:10:27 --> Undefined variable: data
#0 C:\xampp\htdocs\ci4app\app\Views\admin\dashboard.php(8): CodeIgniter\Debug\Exceptions->errorHandler(8, 'Undefined varia...', 'C:\\xampp\\htdocs...', 8, Array)
#1 C:\xampp\htdocs\ci4app\vendor\codeigniter4\framework\system\View\View.php(246): include('C:\\xampp\\htdocs...')
#2 C:\xampp\htdocs\ci4app\vendor\codeigniter4\framework\system\Common.php(1119): CodeIgniter\View\View->render('admin/dashboard', Array, true)
#3 C:\xampp\htdocs\ci4app\app\Controllers\Admin.php(81): view('admin/dashboard', Array)
#4 C:\xampp\htdocs\ci4app\vendor\codeigniter4\framework\system\CodeIgniter.php(918): App\Controllers\Admin->dashboard()
#5 C:\xampp\htdocs\ci4app\vendor\codeigniter4\framework\system\CodeIgniter.php(404): CodeIgniter\CodeIgniter->runController(Object(App\Controllers\Admin))
#6 C:\xampp\htdocs\ci4app\vendor\codeigniter4\framework\system\CodeIgniter.php(312): CodeIgniter\CodeIgniter->handleRequest(NULL, Object(Config\Cache), false)
#7 C:\xampp\htdocs\ci4app\public\index.php(45): CodeIgniter\CodeIgniter->run()
#8 C:\xampp\htdocs\ci4app\vendor\codeigniter4\framework\system\Commands\Server\rewrite.php(34): require_once('C:\\xampp\\htdocs...')
#9 {main}
CRITICAL - 2020-12-15 22:13:25 --> Undefined variable: data
#0 C:\xampp\htdocs\ci4app\app\Views\admin\dashboard.php(8): CodeIgniter\Debug\Exceptions->errorHandler(8, 'Undefined varia...', 'C:\\xampp\\htdocs...', 8, Array)
#1 C:\xampp\htdocs\ci4app\vendor\codeigniter4\framework\system\View\View.php(246): include('C:\\xampp\\htdocs...')
#2 C:\xampp\htdocs\ci4app\vendor\codeigniter4\framework\system\Common.php(1119): CodeIgniter\View\View->render('admin/dashboard', Array, true)
#3 C:\xampp\htdocs\ci4app\app\Controllers\Admin.php(81): view('admin/dashboard', Array)
#4 C:\xampp\htdocs\ci4app\vendor\codeigniter4\framework\system\CodeIgniter.php(918): App\Controllers\Admin->dashboard()
#5 C:\xampp\htdocs\ci4app\vendor\codeigniter4\framework\system\CodeIgniter.php(404): CodeIgniter\CodeIgniter->runController(Object(App\Controllers\Admin))
#6 C:\xampp\htdocs\ci4app\vendor\codeigniter4\framework\system\CodeIgniter.php(312): CodeIgniter\CodeIgniter->handleRequest(NULL, Object(Config\Cache), false)
#7 C:\xampp\htdocs\ci4app\public\index.php(45): CodeIgniter\CodeIgniter->run()
#8 C:\xampp\htdocs\ci4app\vendor\codeigniter4\framework\system\Commands\Server\rewrite.php(34): require_once('C:\\xampp\\htdocs...')
#9 {main}
CRITICAL - 2020-12-15 22:13:44 --> Undefined variable: data
#0 C:\xampp\htdocs\ci4app\app\Views\admin\dashboard.php(2): CodeIgniter\Debug\Exceptions->errorHandler(8, 'Undefined varia...', 'C:\\xampp\\htdocs...', 2, Array)
#1 C:\xampp\htdocs\ci4app\vendor\codeigniter4\framework\system\View\View.php(246): include('C:\\xampp\\htdocs...')
#2 C:\xampp\htdocs\ci4app\vendor\codeigniter4\framework\system\Common.php(1119): CodeIgniter\View\View->render('admin/dashboard', Array, true)
#3 C:\xampp\htdocs\ci4app\app\Controllers\Admin.php(81): view('admin/dashboard', Array)
#4 C:\xampp\htdocs\ci4app\vendor\codeigniter4\framework\system\CodeIgniter.php(918): App\Controllers\Admin->dashboard()
#5 C:\xampp\htdocs\ci4app\vendor\codeigniter4\framework\system\CodeIgniter.php(404): CodeIgniter\CodeIgniter->runController(Object(App\Controllers\Admin))
#6 C:\xampp\htdocs\ci4app\vendor\codeigniter4\framework\system\CodeIgniter.php(312): CodeIgniter\CodeIgniter->handleRequest(NULL, Object(Config\Cache), false)
#7 C:\xampp\htdocs\ci4app\public\index.php(45): CodeIgniter\CodeIgniter->run()
#8 C:\xampp\htdocs\ci4app\vendor\codeigniter4\framework\system\Commands\Server\rewrite.php(34): require_once('C:\\xampp\\htdocs...')
#9 {main}
CRITICAL - 2020-12-15 22:13:50 --> Undefined variable: data
#0 C:\xampp\htdocs\ci4app\app\Views\admin\dashboard.php(1): CodeIgniter\Debug\Exceptions->errorHandler(8, 'Undefined varia...', 'C:\\xampp\\htdocs...', 1, Array)
#1 C:\xampp\htdocs\ci4app\vendor\codeigniter4\framework\system\View\View.php(246): include('C:\\xampp\\htdocs...')
#2 C:\xampp\htdocs\ci4app\vendor\codeigniter4\framework\system\Common.php(1119): CodeIgniter\View\View->render('admin/dashboard', Array, true)
#3 C:\xampp\htdocs\ci4app\app\Controllers\Admin.php(81): view('admin/dashboard', Array)
#4 C:\xampp\htdocs\ci4app\vendor\codeigniter4\framework\system\CodeIgniter.php(918): App\Controllers\Admin->dashboard()
#5 C:\xampp\htdocs\ci4app\vendor\codeigniter4\framework\system\CodeIgniter.php(404): CodeIgniter\CodeIgniter->runController(Object(App\Controllers\Admin))
#6 C:\xampp\htdocs\ci4app\vendor\codeigniter4\framework\system\CodeIgniter.php(312): CodeIgniter\CodeIgniter->handleRequest(NULL, Object(Config\Cache), false)
#7 C:\xampp\htdocs\ci4app\public\index.php(45): CodeIgniter\CodeIgniter->run()
#8 C:\xampp\htdocs\ci4app\vendor\codeigniter4\framework\system\Commands\Server\rewrite.php(34): require_once('C:\\xampp\\htdocs...')
#9 {main}
CRITICAL - 2020-12-15 22:15:47 --> Undefined variable: data
#0 C:\xampp\htdocs\ci4app\app\Views\admin\dashboard.php(1): CodeIgniter\Debug\Exceptions->errorHandler(8, 'Undefined varia...', 'C:\\xampp\\htdocs...', 1, Array)
#1 C:\xampp\htdocs\ci4app\vendor\codeigniter4\framework\system\View\View.php(246): include('C:\\xampp\\htdocs...')
#2 C:\xampp\htdocs\ci4app\vendor\codeigniter4\framework\system\Common.php(1119): CodeIgniter\View\View->render('admin/dashboard', Array, true)
#3 C:\xampp\htdocs\ci4app\app\Controllers\Admin.php(85): view('admin/dashboard', Array)
#4 C:\xampp\htdocs\ci4app\vendor\codeigniter4\framework\system\CodeIgniter.php(918): App\Controllers\Admin->dashboard()
#5 C:\xampp\htdocs\ci4app\vendor\codeigniter4\framework\system\CodeIgniter.php(404): CodeIgniter\CodeIgniter->runController(Object(App\Controllers\Admin))
#6 C:\xampp\htdocs\ci4app\vendor\codeigniter4\framework\system\CodeIgniter.php(312): CodeIgniter\CodeIgniter->handleRequest(NULL, Object(Config\Cache), false)
#7 C:\xampp\htdocs\ci4app\public\index.php(45): CodeIgniter\CodeIgniter->run()
#8 C:\xampp\htdocs\ci4app\vendor\codeigniter4\framework\system\Commands\Server\rewrite.php(34): require_once('C:\\xampp\\htdocs...')
#9 {main}
CRITICAL - 2020-12-15 22:17:53 --> Array to string conversion
#0 C:\xampp\htdocs\ci4app\app\Controllers\Admin.php(84): CodeIgniter\Debug\Exceptions->errorHandler(8, 'Array to string...', 'C:\\xampp\\htdocs...', 84, Array)
#1 C:\xampp\htdocs\ci4app\vendor\codeigniter4\framework\system\CodeIgniter.php(918): App\Controllers\Admin->dashboard()
#2 C:\xampp\htdocs\ci4app\vendor\codeigniter4\framework\system\CodeIgniter.php(404): CodeIgniter\CodeIgniter->runController(Object(App\Controllers\Admin))
#3 C:\xampp\htdocs\ci4app\vendor\codeigniter4\framework\system\CodeIgniter.php(312): CodeIgniter\CodeIgniter->handleRequest(NULL, Object(Config\Cache), false)
#4 C:\xampp\htdocs\ci4app\public\index.php(45): CodeIgniter\CodeIgniter->run()
#5 C:\xampp\htdocs\ci4app\vendor\codeigniter4\framework\system\Commands\Server\rewrite.php(34): require_once('C:\\xampp\\htdocs...')
#6 {main}
CRITICAL - 2020-12-15 22:20:52 --> Undefined variable: data
#0 C:\xampp\htdocs\ci4app\app\Views\admin\dashboard.php(8): CodeIgniter\Debug\Exceptions->errorHandler(8, 'Undefined varia...', 'C:\\xampp\\htdocs...', 8, Array)
#1 C:\xampp\htdocs\ci4app\vendor\codeigniter4\framework\system\View\View.php(246): include('C:\\xampp\\htdocs...')
#2 C:\xampp\htdocs\ci4app\vendor\codeigniter4\framework\system\Common.php(1119): CodeIgniter\View\View->render('admin/dashboard', Array, true)
#3 C:\xampp\htdocs\ci4app\app\Controllers\Admin.php(85): view('admin/dashboard', Array)
#4 C:\xampp\htdocs\ci4app\vendor\codeigniter4\framework\system\CodeIgniter.php(918): App\Controllers\Admin->dashboard()
#5 C:\xampp\htdocs\ci4app\vendor\codeigniter4\framework\system\CodeIgniter.php(404): CodeIgniter\CodeIgniter->runController(Object(App\Controllers\Admin))
#6 C:\xampp\htdocs\ci4app\vendor\codeigniter4\framework\system\CodeIgniter.php(312): CodeIgniter\CodeIgniter->handleRequest(NULL, Object(Config\Cache), false)
#7 C:\xampp\htdocs\ci4app\public\index.php(45): CodeIgniter\CodeIgniter->run()
#8 C:\xampp\htdocs\ci4app\vendor\codeigniter4\framework\system\Commands\Server\rewrite.php(34): require_once('C:\\xampp\\htdocs...')
#9 {main}
CRITICAL - 2020-12-15 22:20:54 --> Undefined variable: data
#0 C:\xampp\htdocs\ci4app\app\Views\admin\dashboard.php(8): CodeIgniter\Debug\Exceptions->errorHandler(8, 'Undefined varia...', 'C:\\xampp\\htdocs...', 8, Array)
#1 C:\xampp\htdocs\ci4app\vendor\codeigniter4\framework\system\View\View.php(246): include('C:\\xampp\\htdocs...')
#2 C:\xampp\htdocs\ci4app\vendor\codeigniter4\framework\system\Common.php(1119): CodeIgniter\View\View->render('admin/dashboard', Array, true)
#3 C:\xampp\htdocs\ci4app\app\Controllers\Admin.php(85): view('admin/dashboard', Array)
#4 C:\xampp\htdocs\ci4app\vendor\codeigniter4\framework\system\CodeIgniter.php(918): App\Controllers\Admin->dashboard()
#5 C:\xampp\htdocs\ci4app\vendor\codeigniter4\framework\system\CodeIgniter.php(404): CodeIgniter\CodeIgniter->runController(Object(App\Controllers\Admin))
#6 C:\xampp\htdocs\ci4app\vendor\codeigniter4\framework\system\CodeIgniter.php(312): CodeIgniter\CodeIgniter->handleRequest(NULL, Object(Config\Cache), false)
#7 C:\xampp\htdocs\ci4app\public\index.php(45): CodeIgniter\CodeIgniter->run()
#8 C:\xampp\htdocs\ci4app\vendor\codeigniter4\framework\system\Commands\Server\rewrite.php(34): require_once('C:\\xampp\\htdocs...')
#9 {main}
CRITICAL - 2020-12-15 22:29:28 --> Cannot redeclare App\Controllers\Admin::dashboard()
#0 [internal function]: CodeIgniter\Debug\Exceptions->shutdownHandler()
#1 {main}
CRITICAL - 2020-12-15 22:30:37 --> Cannot redeclare App\Controllers\Admin::dashboard()
#0 [internal function]: CodeIgniter\Debug\Exceptions->shutdownHandler()
#1 {main}
CRITICAL - 2020-12-15 22:49:32 --> Call to undefined method App\Models\PengaduanModel::getall
#0 C:\xampp\htdocs\ci4app\app\Controllers\Admin.php(94): CodeIgniter\Model->__call('getall', Array)
#1 C:\xampp\htdocs\ci4app\vendor\codeigniter4\framework\system\CodeIgniter.php(918): App\Controllers\Admin->pengaduan()
#2 C:\xampp\htdocs\ci4app\vendor\codeigniter4\framework\system\CodeIgniter.php(404): CodeIgniter\CodeIgniter->runController(Object(App\Controllers\Admin))
#3 C:\xampp\htdocs\ci4app\vendor\codeigniter4\framework\system\CodeIgniter.php(312): CodeIgniter\CodeIgniter->handleRequest(NULL, Object(Config\Cache), false)
#4 C:\xampp\htdocs\ci4app\public\index.php(45): CodeIgniter\CodeIgniter->run()
#5 C:\xampp\htdocs\ci4app\vendor\codeigniter4\framework\system\Commands\Server\rewrite.php(34): require_once('C:\\xampp\\htdocs...')
#6 {main}
CRITICAL - 2020-12-15 22:49:53 --> Illegal string offset 'nik'
#0 C:\xampp\htdocs\ci4app\app\Views\admin\pengaduan.php(21): CodeIgniter\Debug\Exceptions->errorHandler(2, 'Illegal string ...', 'C:\\xampp\\htdocs...', 21, Array)
#1 C:\xampp\htdocs\ci4app\vendor\codeigniter4\framework\system\View\View.php(246): include('C:\\xampp\\htdocs...')
#2 C:\xampp\htdocs\ci4app\vendor\codeigniter4\framework\system\Common.php(1119): CodeIgniter\View\View->render('admin/pengaduan', Array, true)
#3 C:\xampp\htdocs\ci4app\app\Controllers\Admin.php(102): view('admin/pengaduan', Array)
#4 C:\xampp\htdocs\ci4app\vendor\codeigniter4\framework\system\CodeIgniter.php(918): App\Controllers\Admin->pengaduan()
#5 C:\xampp\htdocs\ci4app\vendor\codeigniter4\framework\system\CodeIgniter.php(404): CodeIgniter\CodeIgniter->runController(Object(App\Controllers\Admin))
#6 C:\xampp\htdocs\ci4app\vendor\codeigniter4\framework\system\CodeIgniter.php(312): CodeIgniter\CodeIgniter->handleRequest(NULL, Object(Config\Cache), false)
#7 C:\xampp\htdocs\ci4app\public\index.php(45): CodeIgniter\CodeIgniter->run()
#8 C:\xampp\htdocs\ci4app\vendor\codeigniter4\framework\system\Commands\Server\rewrite.php(34): require_once('C:\\xampp\\htdocs...')
#9 {main}
CRITICAL - 2020-12-15 22:49:54 --> Illegal string offset 'nik'
#0 C:\xampp\htdocs\ci4app\app\Views\admin\pengaduan.php(21): CodeIgniter\Debug\Exceptions->errorHandler(2, 'Illegal string ...', 'C:\\xampp\\htdocs...', 21, Array)
#1 C:\xampp\htdocs\ci4app\vendor\codeigniter4\framework\system\View\View.php(246): include('C:\\xampp\\htdocs...')
#2 C:\xampp\htdocs\ci4app\vendor\codeigniter4\framework\system\Common.php(1119): CodeIgniter\View\View->render('admin/pengaduan', Array, true)
#3 C:\xampp\htdocs\ci4app\app\Controllers\Admin.php(102): view('admin/pengaduan', Array)
#4 C:\xampp\htdocs\ci4app\vendor\codeigniter4\framework\system\CodeIgniter.php(918): App\Controllers\Admin->pengaduan()
#5 C:\xampp\htdocs\ci4app\vendor\codeigniter4\framework\system\CodeIgniter.php(404): CodeIgniter\CodeIgniter->runController(Object(App\Controllers\Admin))
#6 C:\xampp\htdocs\ci4app\vendor\codeigniter4\framework\system\CodeIgniter.php(312): CodeIgniter\CodeIgniter->handleRequest(NULL, Object(Config\Cache), false)
#7 C:\xampp\htdocs\ci4app\public\index.php(45): CodeIgniter\CodeIgniter->run()
#8 C:\xampp\htdocs\ci4app\vendor\codeigniter4\framework\system\Commands\Server\rewrite.php(34): require_once('C:\\xampp\\htdocs...')
#9 {main}
